<?xml version="1.0" encoding="UTF-8"?>
<Site BuildName="(empty)"
	BuildStamp="20250928-1049-Experimental"
	Name="albusgive2"
	Generator="ctest-3.22.1"
	CompilerName="/usr/bin/g++"
	CompilerVersion="12.3.0"
	OSName="Linux"
	Hostname="albusgive2"
	OSRelease="6.8.0-60-generic"
	OSVersion="#63~22.04.1-Ubuntu SMP PREEMPT_DYNAMIC Tue Apr 22 19:00:15 UTC 2"
	OSPlatform="x86_64"
	Is64Bits="1"
	VendorString="GenuineIntel"
	VendorID="Intel Corporation"
	FamilyID="6"
	ModelID="151"
	ProcessorCacheSize="18432"
	NumberOfLogicalCPU="12"
	NumberOfPhysicalCPU="6"
	TotalVirtualMemory="2047"
	TotalPhysicalMemory="31938"
	LogicalProcessorsPerPhysical="2"
	ProcessorClockFrequency="1300.18"
	>
	<Testing>
		<StartDateTime>Sep 28 21:16 CST</StartDateTime>
		<StartTestTime>1759065397</StartTestTime>
		<TestList/>
		<EndDateTime>Sep 28 21:16 CST</EndDateTime>
		<EndTestTime>1759065397</EndTestTime>
		<ElapsedMinutes>0</ElapsedMinutes>
	</Testing>
</Site>
